<?xml version="1.0" encoding="UTF-8"?>
<testng-results skipped="0" failed="1" ignored="0" total="1" passed="0">
  <reporter-output>
  </reporter-output>
  <suite name="Surefire suite" duration-ms="42177" started-at="2021-04-19T00:03:27 IST" finished-at="2021-04-19T00:04:09 IST">
    <groups>
      <group name="cucumber">
        <method signature="AbstractTestNGCucumberTests.runScenario(io.cucumber.testng.PickleWrapper, io.cucumber.testng.FeatureWrapper)[pri:0, instance:com.twitter.runnerfile.RunnerTest@2d6eabae]" name="runScenario" class="io.cucumber.testng.AbstractTestNGCucumberTests"/>
      </group> <!-- cucumber -->
    </groups>
    <test name="Surefire test" duration-ms="42177" started-at="2021-04-19T00:03:27 IST" finished-at="2021-04-19T00:04:09 IST">
      <class name="com.twitter.runnerfile.RunnerTest">
        <test-method status="PASS" signature="setUpClass()[pri:0, instance:com.twitter.runnerfile.RunnerTest@2d6eabae]" name="setUpClass" is-config="true" duration-ms="2888" started-at="2021-04-19T00:03:27 IST" finished-at="2021-04-19T00:03:30 IST">
          <reporter-output>
          </reporter-output>
        </test-method> <!-- setUpClass -->
        <test-method status="FAIL" signature="runScenario(io.cucumber.testng.PickleWrapper, io.cucumber.testng.FeatureWrapper)[pri:0, instance:com.twitter.runnerfile.RunnerTest@2d6eabae]" name="runScenario" duration-ms="38356" started-at="2021-04-19T00:03:30 IST" description="Runs Cucumber Scenarios" data-provider="scenarios" finished-at="2021-04-19T00:04:08 IST">
          <params>
            <param index="0">
              <value>
                <![CDATA["Twitter Profile page update"]]>
              </value>
            </param>
            <param index="1">
              <value>
                <![CDATA["Optional[Twitter Profile Section Update]"]]>
              </value>
            </param>
          </params>
          <exception class="java.lang.AssertionError">
            <message>
              <![CDATA[Just checking the negative flow]]>
            </message>
            <full-stacktrace>
              <![CDATA[java.lang.AssertionError: Just checking the negative flow
at org.testng.Assert.fail(Assert.java:99)
at com.twitter.stepdefs.TwitterStepDefinition.user_is_navigated_to_edit_profile_page(TwitterStepDefinition.java:136)
at âœ½.User is navigated to Edit Profile page(file:///C:/Users/Sumit/Desktop/GITREPO/DB_TEST_Project/src/test/resources/TwitterProfileSectionUpdate.feature:5)
]]>
            </full-stacktrace>
          </exception> <!-- java.lang.AssertionError -->
          <reporter-output>
          </reporter-output>
        </test-method> <!-- runScenario -->
        <test-method status="PASS" signature="tearDownClass()[pri:0, instance:com.twitter.runnerfile.RunnerTest@2d6eabae]" name="tearDownClass" is-config="true" duration-ms="637" started-at="2021-04-19T00:04:08 IST" finished-at="2021-04-19T00:04:09 IST">
          <reporter-output>
          </reporter-output>
        </test-method> <!-- tearDownClass -->
      </class> <!-- com.twitter.runnerfile.RunnerTest -->
    </test> <!-- Surefire test -->
  </suite> <!-- Surefire suite -->
</testng-results>
